<?xml version="1.0" encoding="UTF-8"?>
<!-- Generated by org.testng.reporters.JUnitXMLReporter -->
<testsuite ignored="0" hostname="AY-Notebook" failures="0" tests="3" name="OpenCart Test" time="8.411" errors="0" timestamp="2024-09-15T20:08:54 IST">
  <testcase classname="seleniumSession28.LoginPageTest" name="pageLogoTest" time="0.047"/>
  <testcase classname="seleniumSession28.LoginPageTest" name="pageTitleTest" time="0.023"/>
  <testcase classname="seleniumSession28.LoginPageTest" name="pageUrlTest" time="0.017"/>
</testsuite> <!-- OpenCart Test -->
