<?xml version="1.0" encoding="UTF-8"?>
<!-- Generated by org.testng.reporters.JUnitXMLReporter -->
<testsuite ignored="0" hostname="AY-Notebook" failures="0" tests="4" name="Opencart Search Test" time="13.153" errors="0" timestamp="2024-09-16T17:17:09 IST">
  <testcase classname="seleniumSession28.OpenCartLoginPageTest" name="searchTest" time="2.212"/>
  <testcase classname="seleniumSession28.OpenCartLoginPageTest" name="searchTest" time="2.166"/>
  <testcase classname="seleniumSession28.OpenCartLoginPageTest" name="searchTest" time="1.919"/>
  <testcase classname="seleniumSession28.OpenCartLoginPageTest" name="searchTest" time="1.912"/>
</testsuite> <!-- Opencart Search Test -->
